0 info it worked if it ends with ok
1 verbose cli [ '/usr/local/heroku/bin/node',
1 verbose cli   '/usr/local/bin/npm',
1 verbose cli   'install',
1 verbose cli   '-g',
1 verbose cli   '@angular/cli' ]
2 info using npm@3.10.8
3 info using node@v7.10.0
4 silly loadCurrentTree Starting
5 silly install loadCurrentTree
6 silly install readGlobalPackageData
7 silly fetchPackageMetaData @angular/cli
8 silly fetchNamedPackageData @angular/cli
9 silly mapToRegistry name @angular/cli
10 silly mapToRegistry scope (from package name) @angular
11 verbose mapToRegistry no registry URL found in name for scope @angular
12 silly mapToRegistry using default registry
13 silly mapToRegistry registry https://registry.npmjs.org/
14 silly mapToRegistry data Result {
14 silly mapToRegistry   raw: '@angular/cli',
14 silly mapToRegistry   scope: '@angular',
14 silly mapToRegistry   escapedName: '@angular%2fcli',
14 silly mapToRegistry   name: '@angular/cli',
14 silly mapToRegistry   rawSpec: '',
14 silly mapToRegistry   spec: 'latest',
14 silly mapToRegistry   type: 'tag' }
15 silly mapToRegistry uri https://registry.npmjs.org/@angular%2fcli
16 verbose request uri https://registry.npmjs.org/@angular%2fcli
17 verbose request no auth needed
18 info attempt registry request try #1 at 14:57:40
19 verbose request id 4a531c06dad8b3d6
20 verbose etag "59727eab-1d834"
21 http request GET https://registry.npmjs.org/@angular%2fcli
22 http 200 https://registry.npmjs.org/@angular%2fcli
23 verbose headers { 'content-type': 'application/json',
23 verbose headers   server: 'nginx/1.10.3',
23 verbose headers   'last-modified': 'Fri, 21 Jul 2017 22:22:35 GMT',
23 verbose headers   etag: 'W/"59727eab-1d834"',
23 verbose headers   'content-encoding': 'gzip',
23 verbose headers   'cache-control': 'max-age=0',
23 verbose headers   'transfer-encoding': 'chunked',
23 verbose headers   'accept-ranges': 'bytes',
23 verbose headers   date: 'Sat, 22 Jul 2017 21:57:40 GMT',
23 verbose headers   via: '1.1 varnish',
23 verbose headers   age: '0',
23 verbose headers   connection: 'keep-alive',
23 verbose headers   'x-served-by': 'cache-lax8623-LAX',
23 verbose headers   'x-cache': 'MISS',
23 verbose headers   'x-cache-hits': '0',
23 verbose headers   'x-timer': 'S1500760660.229510,VS0,VE177',
23 verbose headers   vary: 'Accept-Encoding' }
24 silly get cb [ 200,
24 silly get   { 'content-type': 'application/json',
24 silly get     server: 'nginx/1.10.3',
24 silly get     'last-modified': 'Fri, 21 Jul 2017 22:22:35 GMT',
24 silly get     etag: 'W/"59727eab-1d834"',
24 silly get     'content-encoding': 'gzip',
24 silly get     'cache-control': 'max-age=0',
24 silly get     'transfer-encoding': 'chunked',
24 silly get     'accept-ranges': 'bytes',
24 silly get     date: 'Sat, 22 Jul 2017 21:57:40 GMT',
24 silly get     via: '1.1 varnish',
24 silly get     age: '0',
24 silly get     connection: 'keep-alive',
24 silly get     'x-served-by': 'cache-lax8623-LAX',
24 silly get     'x-cache': 'MISS',
24 silly get     'x-cache-hits': '0',
24 silly get     'x-timer': 'S1500760660.229510,VS0,VE177',
24 silly get     vary: 'Accept-Encoding' } ]
25 verbose get saving @angular/cli to /home/guillermo/.npm/registry.npmjs.org/_40angular_252fcli/.cache.json
26 verbose correctMkdir /home/guillermo/.npm correctMkdir not in flight; initializing
27 silly rollbackFailedOptional Starting
28 silly rollbackFailedOptional Finishing
29 silly runTopLevelLifecycles Finishing
30 silly install printInstalled
31 verbose stack Error: EACCES: permission denied, mkdir '/usr/local/heroku/lib'
32 verbose cwd /home/guillermo/Angular/2. SPA
33 error Linux 4.4.0-78-generic
34 error argv "/usr/local/heroku/bin/node" "/usr/local/bin/npm" "install" "-g" "@angular/cli"
35 error node v7.10.0
36 error npm  v3.10.8
37 error path /usr/local/heroku/lib
38 error code EACCES
39 error errno -13
40 error syscall mkdir
41 error Error: EACCES: permission denied, mkdir '/usr/local/heroku/lib'
41 error  { Error: EACCES: permission denied, mkdir '/usr/local/heroku/lib'
41 error   errno: -13,
41 error   code: 'EACCES',
41 error   syscall: 'mkdir',
41 error   path: '/usr/local/heroku/lib' }
42 error Please try running this command again as root/Administrator.
43 verbose exit [ -13, true ]
